# JRE version: OpenJDK Runtime Environment (8.0_76-b03) (build 1.8.0_76-release-b03)
# Java VM: OpenJDK 64-Bit Server VM (25.76-b03 mixed mode windows-amd64 compressed oops)
Heap:
 PSYoungGen      total 382464K, used 229276K [0x00000000e0000000, 0x00000000f9180000, 0x0000000100000000)
  eden space 367104K, 62% used [0x00000000e0000000,0x00000000edfe7358,0x00000000f6680000)
  from space 15360K, 0% used [0x00000000f8280000,0x00000000f8280000,0x00000000f9180000)
  to   space 22016K, 0% used [0x00000000f6680000,0x00000000f6680000,0x00000000f7c00000)
 ParOldGen       total 208384K, used 98504K [0x00000000a0000000, 0x00000000acb80000, 0x00000000e0000000)
  object space 208384K, 47% used [0x00000000a0000000,0x00000000a60323e0,0x00000000acb80000)
 Metaspace       used 74386K, capacity 76650K, committed 81456K, reserved 1120256K
  class space    used 9323K, capacity 9708K, committed 10800K, reserved 1048576K
GC Heap History (10 events):
Event: 3846.182 GC heap before
{Heap before GC invocations=18 (full 5):
 PSYoungGen      total 332800K, used 309248K [0x00000000e0000000, 0x00000000f5d00000, 0x0000000100000000)
  eden space 309248K, 100% used [0x00000000e0000000,0x00000000f2e00000,0x00000000f2e00000)
  from space 23552K, 0% used [0x00000000f4600000,0x00000000f4600000,0x00000000f5d00000)
  to   space 24064K, 0% used [0x00000000f2e00000,0x00000000f2e00000,0x00000000f4580000)
 ParOldGen       total 91648K, used 49042K [0x00000000a0000000, 0x00000000a5980000, 0x00000000e0000000)
  object space 91648K, 53% used [0x00000000a0000000,0x00000000a2fe4938,0x00000000a5980000)
 Metaspace       used 66056K, capacity 69202K, committed 69680K, reserved 1110016K
  class space    used 8712K, capacity 9373K, committed 9520K, reserved 1048576K
Event: 3846.193 GC heap after
Heap after GC invocations=18 (full 5):
 PSYoungGen      total 333312K, used 8674K [0x00000000e0000000, 0x00000000f9900000, 0x0000000100000000)
  eden space 309248K, 0% used [0x00000000e0000000,0x00000000e0000000,0x00000000f2e00000)
  from space 24064K, 36% used [0x00000000f2e00000,0x00000000f3678a68,0x00000000f4580000)
  to   space 23040K, 0% used [0x00000000f8280000,0x00000000f8280000,0x00000000f9900000)
 ParOldGen       total 91648K, used 49050K [0x00000000a0000000, 0x00000000a5980000, 0x00000000e0000000)
  object space 91648K, 53% used [0x00000000a0000000,0x00000000a2fe6938,0x00000000a5980000)
 Metaspace       used 66056K, capacity 69202K, committed 69680K, reserved 1110016K
  class space    used 8712K, capacity 9373K, committed 9520K, reserved 1048576K
}
Event: 3851.728 GC heap before
{Heap before GC invocations=19 (full 5):
 PSYoungGen      total 333312K, used 317922K [0x00000000e0000000, 0x00000000f9900000, 0x0000000100000000)
  eden space 309248K, 100% used [0x00000000e0000000,0x00000000f2e00000,0x00000000f2e00000)
  from space 24064K, 36% used [0x00000000f2e00000,0x00000000f3678a68,0x00000000f4580000)
  to   space 23040K, 0% used [0x00000000f8280000,0x00000000f8280000,0x00000000f9900000)
 ParOldGen       total 91648K, used 49050K [0x00000000a0000000, 0x00000000a5980000, 0x00000000e0000000)
  object space 91648K, 53% used [0x00000000a0000000,0x00000000a2fe6938,0x00000000a5980000)
 Metaspace       used 73702K, capacity 77048K, committed 77104K, reserved 1116160K
  class space    used 9572K, capacity 10258K, committed 10288K, reserved 1048576K
Event: 3851.764 GC heap after
Heap after GC invocations=19 (full 5):
 PSYoungGen      total 382464K, used 11651K [0x00000000e0000000, 0x00000000f9180000, 0x0000000100000000)
  eden space 367104K, 0% used [0x00000000e0000000,0x00000000e0000000,0x00000000f6680000)
  from space 15360K, 75% used [0x00000000f8280000,0x00000000f8de0e10,0x00000000f9180000)
  to   space 22016K, 0% used [0x00000000f6680000,0x00000000f6680000,0x00000000f7c00000)
 ParOldGen       total 91648K, used 49058K [0x00000000a0000000, 0x00000000a5980000, 0x00000000e0000000)
  object space 91648K, 53% used [0x00000000a0000000,0x00000000a2fe8938,0x00000000a5980000)
 Metaspace       used 73702K, capacity 77048K, committed 77104K, reserved 1116160K
  class space    used 9572K, capacity 10258K, committed 10288K, reserved 1048576K
}
Event: 3853.240 GC heap before
{Heap before GC invocations=20 (full 5):
 PSYoungGen      total 382464K, used 378755K [0x00000000e0000000, 0x00000000f9180000, 0x0000000100000000)
  eden space 367104K, 100% used [0x00000000e0000000,0x00000000f6680000,0x00000000f6680000)
  from space 15360K, 75% used [0x00000000f8280000,0x00000000f8de0e10,0x00000000f9180000)
  to   space 22016K, 0% used [0x00000000f6680000,0x00000000f6680000,0x00000000f7c00000)
 ParOldGen       total 91648K, used 49058K [0x00000000a0000000, 0x00000000a5980000, 0x00000000e0000000)
  object space 91648K, 53% used [0x00000000a0000000,0x00000000a2fe8938,0x00000000a5980000)
 Metaspace       used 77693K, capacity 81204K, committed 81456K, reserved 1120256K
  class space    used 9970K, capacity 10688K, committed 10800K, reserved 1048576K
Event: 3853.272 GC heap after
Heap after GC invocations=20 (full 5):
 PSYoungGen      total 389120K, used 22007K [0x00000000e0000000, 0x00000000f9180000, 0x0000000100000000)
  eden space 367104K, 0% used [0x00000000e0000000,0x00000000e0000000,0x00000000f6680000)
  from space 22016K, 99% used [0x00000000f6680000,0x00000000f7bfdc50,0x00000000f7c00000)
  to   space 15360K, 0% used [0x00000000f8280000,0x00000000f8280000,0x00000000f9180000)
 ParOldGen       total 91648K, used 51786K [0x00000000a0000000, 0x00000000a5980000, 0x00000000e0000000)
  object space 91648K, 56% used [0x00000000a0000000,0x00000000a3292bc0,0x00000000a5980000)
 Metaspace       used 77693K, capacity 81204K, committed 81456K, reserved 1120256K
  class space    used 9970K, capacity 10688K, committed 10800K, reserved 1048576K
}
Event: 3854.043 GC heap before
{Heap before GC invocations=21 (full 5):
 PSYoungGen      total 389120K, used 389111K [0x00000000e0000000, 0x00000000f9180000, 0x0000000100000000)
  eden space 367104K, 100% used [0x00000000e0000000,0x00000000f6680000,0x00000000f6680000)
  from space 22016K, 99% used [0x00000000f6680000,0x00000000f7bfdc50,0x00000000f7c00000)
  to   space 15360K, 0% used [0x00000000f8280000,0x00000000f8280000,0x00000000f9180000)
 ParOldGen       total 91648K, used 51786K [0x00000000a0000000, 0x00000000a5980000, 0x00000000e0000000)
  object space 91648K, 56% used [0x00000000a0000000,0x00000000a3292bc0,0x00000000a5980000)
 Metaspace       used 77854K, capacity 81332K, committed 81456K, reserved 1120256K
  class space    used 9971K, capacity 10688K, committed 10800K, reserved 1048576K
Event: 3854.113 GC heap after
Heap after GC invocations=21 (full 5):
 PSYoungGen      total 382464K, used 15340K [0x00000000e0000000, 0x00000000f9180000, 0x0000000100000000)
  eden space 367104K, 0% used [0x00000000e0000000,0x00000000e0000000,0x00000000f6680000)
  from space 15360K, 99% used [0x00000000f8280000,0x00000000f917b2d8,0x00000000f9180000)
  to   space 22016K, 0% used [0x00000000f6680000,0x00000000f6680000,0x00000000f7c00000)
 ParOldGen       total 107520K, used 107375K [0x00000000a0000000, 0x00000000a6900000, 0x00000000e0000000)
  object space 107520K, 99% used [0x00000000a0000000,0x00000000a68dbda8,0x00000000a6900000)
 Metaspace       used 77854K, capacity 81332K, committed 81456K, reserved 1120256K
  class space    used 9971K, capacity 10688K, committed 10800K, reserved 1048576K
}
Event: 3854.113 GC heap before
{Heap before GC invocations=22 (full 6):
 PSYoungGen      total 382464K, used 15340K [0x00000000e0000000, 0x00000000f9180000, 0x0000000100000000)
  eden space 367104K, 0% used [0x00000000e0000000,0x00000000e0000000,0x00000000f6680000)
  from space 15360K, 99% used [0x00000000f8280000,0x00000000f917b2d8,0x00000000f9180000)
  to   space 22016K, 0% used [0x00000000f6680000,0x00000000f6680000,0x00000000f7c00000)
 ParOldGen       total 107520K, used 107375K [0x00000000a0000000, 0x00000000a6900000, 0x00000000e0000000)
  object space 107520K, 99% used [0x00000000a0000000,0x00000000a68dbda8,0x00000000a6900000)
 Metaspace       used 77854K, capacity 81332K, committed 81456K, reserved 1120256K
  class space    used 9971K, capacity 10688K, committed 10800K, reserved 1048576K
Event: 3854.619 GC heap after
Heap after GC invocations=22 (full 6):
 PSYoungGen      total 382464K, used 0K [0x00000000e0000000, 0x00000000f9180000, 0x0000000100000000)
  eden space 367104K, 0% used [0x00000000e0000000,0x00000000e0000000,0x00000000f6680000)
  from space 15360K, 0% used [0x00000000f8280000,0x00000000f8280000,0x00000000f9180000)
  to   space 22016K, 0% used [0x00000000f6680000,0x00000000f6680000,0x00000000f7c00000)
 ParOldGen       total 208384K, used 98504K [0x00000000a0000000, 0x00000000acb80000, 0x00000000e0000000)
  object space 208384K, 47% used [0x00000000a0000000,0x00000000a60323e0,0x00000000acb80000)
 Metaspace       used 74164K, capacity 76394K, committed 81456K, reserved 1120256K
  class space    used 9319K, capacity 9708K, committed 10800K, reserved 1048576K
}

